<?xml version="1.0" encoding="UTF-8"?>
<!-- Generated by org.testng.reporters.JUnitReportReporter -->
<testsuite hostname="DESKTOP-IQ8BD54" failures="0" tests="1" name="com.fitpeo.Fitpeo" time="23.468" errors="0" timestamp="2024-08-07T23:37:09 IST" skipped="0">
  <testcase classname="com.fitpeo.Fitpeo" name="navigateToHomePage" time="23.468"/>
  <system-out/>
</testsuite> <!-- com.fitpeo.Fitpeo -->
